update-alternatives 2025-04-15 17:19:55: run with --install /usr/bin/awk awk /usr/bin/mawk 5 --slave /usr/share/man/man1/awk.1.gz awk.1.gz /usr/share/man/man1/mawk.1.gz --slave /usr/bin/nawk nawk /usr/bin/mawk --slave /usr/share/man/man1/nawk.1.gz nawk.1.gz /usr/share/man/man1/mawk.1.gz
update-alternatives 2025-04-15 17:19:55: link group awk updated to point to /usr/bin/mawk
update-alternatives 2025-04-15 17:20:00: run with --install /usr/bin/which which /usr/bin/which.debianutils 0 --slave /usr/share/man/man1/which.1.gz which.1.gz /usr/share/man/man1/which.debianutils.1.gz --slave /usr/share/man/de/man1/which.1.gz which.de1.gz /usr/share/man/de/man1/which.debianutils.1.gz --slave /usr/share/man/es/man1/which.1.gz which.es1.gz /usr/share/man/es/man1/which.debianutils.1.gz --slave /usr/share/man/fr/man1/which.1.gz which.fr1.gz /usr/share/man/fr/man1/which.debianutils.1.gz --slave /usr/share/man/it/man1/which.1.gz which.it1.gz /usr/share/man/it/man1/which.debianutils.1.gz --slave /usr/share/man/ja/man1/which.1.gz which.ja1.gz /usr/share/man/ja/man1/which.debianutils.1.gz --slave /usr/share/man/pl/man1/which.1.gz which.pl1.gz /usr/share/man/pl/man1/which.debianutils.1.gz --slave /usr/share/man/sl/man1/which.1.gz which.sl1.gz /usr/share/man/sl/man1/which.debianutils.1.gz
update-alternatives 2025-04-15 17:20:00: link group which updated to point to /usr/bin/which.debianutils
update-alternatives 2025-04-15 17:20:01: run with --install /usr/bin/awk awk /usr/bin/mawk 5 --slave /usr/share/man/man1/awk.1.gz awk.1.gz /usr/share/man/man1/mawk.1.gz --slave /usr/bin/nawk nawk /usr/bin/mawk --slave /usr/share/man/man1/nawk.1.gz nawk.1.gz /usr/share/man/man1/mawk.1.gz
update-alternatives 2025-04-15 17:20:01: run with --install /usr/share/man/man7/builtins.7.gz builtins.7.gz /usr/share/man/man7/bash-builtins.7.gz 10
update-alternatives 2025-04-15 17:20:01: link group builtins.7.gz updated to point to /usr/share/man/man7/bash-builtins.7.gz
update-alternatives 2025-04-15 17:20:02: run with --install /usr/sbin/rmt rmt /usr/sbin/rmt-tar 50 --slave /usr/share/man/man8/rmt.8.gz rmt.8.gz /usr/share/man/man8/rmt-tar.8.gz
update-alternatives 2025-04-15 17:20:02: link group rmt updated to point to /usr/sbin/rmt-tar
update-alternatives 2025-04-15 17:20:02: run with --install /usr/bin/pager pager /bin/more 50 --slave /usr/share/man/man1/pager.1.gz pager.1.gz /usr/share/man/man1/more.1.gz
update-alternatives 2025-04-15 17:20:02: link group pager updated to point to /bin/more
update-alternatives 2025-04-15 17:20:18: run with --install /bin/nc nc /bin/nc.openbsd 50 --slave /bin/netcat netcat /bin/nc.openbsd --slave /usr/share/man/man1/nc.1.gz nc.1.gz /usr/share/man/man1/nc_openbsd.1.gz --slave /usr/share/man/man1/netcat.1.gz netcat.1.gz /usr/share/man/man1/nc_openbsd.1.gz
update-alternatives 2025-04-15 17:20:18: link group nc updated to point to /bin/nc.openbsd
update-alternatives 2025-04-15 17:20:18: run with --quiet --install /usr/bin/pager pager /usr/bin/less 77 --slave /usr/share/man/man1/pager.1.gz pager.1.gz /usr/share/man/man1/less.1.gz
update-alternatives 2025-04-15 17:20:18: link group pager updated to point to /usr/bin/less
update-alternatives 2025-04-15 17:20:21: run with --install /etc/newt/palette newt-palette /etc/newt/palette.ubuntu 50
update-alternatives 2025-04-15 17:20:21: link group newt-palette updated to point to /etc/newt/palette.ubuntu
update-alternatives 2025-04-15 17:20:21: run with --install /etc/newt/palette newt-palette /etc/newt/palette.original 20
update-alternatives 2025-04-15 17:20:22: run with --install /usr/bin/editor editor /usr/bin/vim.tiny 15 --slave /usr/share/man/man1/editor.1.gz editor.1.gz /usr/share/man/man1/vim.1.gz --slave /usr/share/man/da/man1/editor.1.gz editor.da.1.gz /usr/share/man/da/man1/vim.1.gz --slave /usr/share/man/de/man1/editor.1.gz editor.de.1.gz /usr/share/man/de/man1/vim.1.gz --slave /usr/share/man/fr/man1/editor.1.gz editor.fr.1.gz /usr/share/man/fr/man1/vim.1.gz --slave /usr/share/man/it/man1/editor.1.gz editor.it.1.gz /usr/share/man/it/man1/vim.1.gz --slave /usr/share/man/ja/man1/editor.1.gz editor.ja.1.gz /usr/share/man/ja/man1/vim.1.gz --slave /usr/share/man/pl/man1/editor.1.gz editor.pl.1.gz /usr/share/man/pl/man1/vim.1.gz --slave /usr/share/man/ru/man1/editor.1.gz editor.ru.1.gz /usr/share/man/ru/man1/vim.1.gz --slave /usr/share/man/tr/man1/editor.1.gz editor.tr.1.gz /usr/share/man/tr/man1/vim.1.gz
update-alternatives 2025-04-15 17:20:22: link group editor updated to point to /usr/bin/vim.tiny
update-alternatives 2025-04-15 17:20:22: run with --install /usr/bin/ex ex /usr/bin/vim.tiny 15 --slave /usr/share/man/man1/ex.1.gz ex.1.gz /usr/share/man/man1/vim.1.gz --slave /usr/share/man/da/man1/ex.1.gz ex.da.1.gz /usr/share/man/da/man1/vim.1.gz --slave /usr/share/man/de/man1/ex.1.gz ex.de.1.gz /usr/share/man/de/man1/vim.1.gz --slave /usr/share/man/fr/man1/ex.1.gz ex.fr.1.gz /usr/share/man/fr/man1/vim.1.gz --slave /usr/share/man/it/man1/ex.1.gz ex.it.1.gz /usr/share/man/it/man1/vim.1.gz --slave /usr/share/man/ja/man1/ex.1.gz ex.ja.1.gz /usr/share/man/ja/man1/vim.1.gz --slave /usr/share/man/pl/man1/ex.1.gz ex.pl.1.gz /usr/share/man/pl/man1/vim.1.gz --slave /usr/share/man/ru/man1/ex.1.gz ex.ru.1.gz /usr/share/man/ru/man1/vim.1.gz --slave /usr/share/man/tr/man1/ex.1.gz ex.tr.1.gz /usr/share/man/tr/man1/vim.1.gz
update-alternatives 2025-04-15 17:20:22: link group ex updated to point to /usr/bin/vim.tiny
update-alternatives 2025-04-15 17:20:22: run with --install /usr/bin/rview rview /usr/bin/vim.tiny 15
update-alternatives 2025-04-15 17:20:22: link group rview updated to point to /usr/bin/vim.tiny
update-alternatives 2025-04-15 17:20:22: run with --install /usr/bin/vi vi /usr/bin/vim.tiny 15 --slave /usr/share/man/man1/vi.1.gz vi.1.gz /usr/share/man/man1/vim.1.gz --slave /usr/share/man/da/man1/vi.1.gz vi.da.1.gz /usr/share/man/da/man1/vim.1.gz --slave /usr/share/man/de/man1/vi.1.gz vi.de.1.gz /usr/share/man/de/man1/vim.1.gz --slave /usr/share/man/fr/man1/vi.1.gz vi.fr.1.gz /usr/share/man/fr/man1/vim.1.gz --slave /usr/share/man/it/man1/vi.1.gz vi.it.1.gz /usr/share/man/it/man1/vim.1.gz --slave /usr/share/man/ja/man1/vi.1.gz vi.ja.1.gz /usr/share/man/ja/man1/vim.1.gz --slave /usr/share/man/pl/man1/vi.1.gz vi.pl.1.gz /usr/share/man/pl/man1/vim.1.gz --slave /usr/share/man/ru/man1/vi.1.gz vi.ru.1.gz /usr/share/man/ru/man1/vim.1.gz --slave /usr/share/man/tr/man1/vi.1.gz vi.tr.1.gz /usr/share/man/tr/man1/vim.1.gz
update-alternatives 2025-04-15 17:20:22: link group vi updated to point to /usr/bin/vim.tiny
update-alternatives 2025-04-15 17:20:22: run with --install /usr/bin/view view /usr/bin/vim.tiny 15 --slave /usr/share/man/man1/view.1.gz view.1.gz /usr/share/man/man1/vim.1.gz --slave /usr/share/man/da/man1/view.1.gz view.da.1.gz /usr/share/man/da/man1/vim.1.gz --slave /usr/share/man/de/man1/view.1.gz view.de.1.gz /usr/share/man/de/man1/vim.1.gz --slave /usr/share/man/fr/man1/view.1.gz view.fr.1.gz /usr/share/man/fr/man1/vim.1.gz --slave /usr/share/man/it/man1/view.1.gz view.it.1.gz /usr/share/man/it/man1/vim.1.gz --slave /usr/share/man/ja/man1/view.1.gz view.ja.1.gz /usr/share/man/ja/man1/vim.1.gz --slave /usr/share/man/pl/man1/view.1.gz view.pl.1.gz /usr/share/man/pl/man1/vim.1.gz --slave /usr/share/man/ru/man1/view.1.gz view.ru.1.gz /usr/share/man/ru/man1/vim.1.gz --slave /usr/share/man/tr/man1/view.1.gz view.tr.1.gz /usr/share/man/tr/man1/vim.1.gz
update-alternatives 2025-04-15 17:20:22: link group view updated to point to /usr/bin/vim.tiny
update-alternatives 2025-04-15 17:20:35: run with --install /etc/vtrgb vtrgb /etc/console-setup/vtrgb 50
update-alternatives 2025-04-15 17:20:35: link group vtrgb updated to point to /etc/console-setup/vtrgb
update-alternatives 2025-04-15 17:20:35: run with --install /etc/vtrgb vtrgb /etc/console-setup/vtrgb.vga 20
update-alternatives 2025-04-15 17:40:12: run with --quiet --install /usr/bin/pinentry pinentry /usr/bin/pinentry-curses 50 --slave /usr/share/man/man1/pinentry.1.gz pinentry.1.gz /usr/share/man/man1/pinentry-curses.1.gz
update-alternatives 2025-04-15 17:40:12: link group pinentry updated to point to /usr/bin/pinentry-curses
update-alternatives 2025-04-15 17:40:12: run with --install /usr/bin/mt mt /usr/bin/mt-gnu 10 --slave /usr/share/man/man1/mt.1.gz mt.1.gz /usr/share/man/man1/mt-gnu.1.gz
update-alternatives 2025-04-15 17:40:12: link group mt updated to point to /usr/bin/mt-gnu
update-alternatives 2025-04-15 17:40:14: run with --install /usr/bin/gnome-www-browser gnome-www-browser /usr/bin/firefox 40
update-alternatives 2025-04-15 17:40:14: link group gnome-www-browser updated to point to /usr/bin/firefox
update-alternatives 2025-04-15 17:40:14: run with --install /usr/bin/x-www-browser x-www-browser /usr/bin/firefox 40
update-alternatives 2025-04-15 17:40:14: link group x-www-browser updated to point to /usr/bin/firefox
update-alternatives 2025-04-15 17:40:15: run with --install /usr/share/gnome-shell/gdm-theme.gresource gdm-theme.gresource /usr/share/gnome-shell/theme/Yaru/gnome-shell-theme.gresource 15
update-alternatives 2025-04-15 17:40:15: link group gdm-theme.gresource updated to point to /usr/share/gnome-shell/theme/Yaru/gnome-shell-theme.gresource
update-alternatives 2025-04-15 17:40:17: run with --install /usr/bin/telnet telnet /usr/bin/inetutils-telnet 150 --slave /usr/share/man/man1/telnet.1.gz telnet.1.gz /usr/share/man/man1/inetutils-telnet.1.gz
update-alternatives 2025-04-15 17:40:17: link group telnet updated to point to /usr/bin/inetutils-telnet
update-alternatives 2025-04-15 17:40:19: run with --install /usr/share/icons/default/index.theme x-cursor-theme /usr/share/icons/DMZ-White/cursor.theme 50
update-alternatives 2025-04-15 17:40:19: link group x-cursor-theme updated to point to /usr/share/icons/DMZ-White/cursor.theme
update-alternatives 2025-04-15 17:40:19: run with --install /usr/share/icons/default/index.theme x-cursor-theme /usr/share/icons/DMZ-Black/cursor.theme 30
update-alternatives 2025-04-15 17:40:22: run with --quiet --install /usr/bin/editor editor /bin/ed -100 --slave /usr/share/man/man1/editor.1.gz editor.1.gz /usr/share/man/man1/ed.1.gz
update-alternatives 2025-04-15 17:40:23: run with --install /usr/bin/lzma lzma /usr/bin/xz 20 --slave /usr/share/man/man1/lzma.1.gz lzma.1.gz /usr/share/man/man1/xz.1.gz --slave /usr/bin/unlzma unlzma /usr/bin/unxz --slave /usr/share/man/man1/unlzma.1.gz unlzma.1.gz /usr/share/man/man1/unxz.1.gz --slave /usr/bin/lzcat lzcat /usr/bin/xzcat --slave /usr/share/man/man1/lzcat.1.gz lzcat.1.gz /usr/share/man/man1/xzcat.1.gz --slave /usr/bin/lzmore lzmore /usr/bin/xzmore --slave /usr/share/man/man1/lzmore.1.gz lzmore.1.gz /usr/share/man/man1/xzmore.1.gz --slave /usr/bin/lzless lzless /usr/bin/xzless --slave /usr/share/man/man1/lzless.1.gz lzless.1.gz /usr/share/man/man1/xzless.1.gz --slave /usr/bin/lzdiff lzdiff /usr/bin/xzdiff --slave /usr/share/man/man1/lzdiff.1.gz lzdiff.1.gz /usr/share/man/man1/xzdiff.1.gz --slave /usr/bin/lzcmp lzcmp /usr/bin/xzcmp --slave /usr/share/man/man1/lzcmp.1.gz lzcmp.1.gz /usr/share/man/man1/xzcmp.1.gz --slave /usr/bin/lzgrep lzgrep /usr/bin/xzgrep --slave /usr/share/man/man1/lzgrep.1.gz lzgrep.1.gz /usr/share/man/man1/xzgrep.1.gz --slave /usr/bin/lzegrep lzegrep /usr/bin/xzegrep --slave /usr/share/man/man1/lzegrep.1.gz lzegrep.1.gz /usr/share/man/man1/xzegrep.1.gz --slave /usr/bin/lzfgrep lzfgrep /usr/bin/xzfgrep --slave /usr/share/man/man1/lzfgrep.1.gz lzfgrep.1.gz /usr/share/man/man1/xzfgrep.1.gz
update-alternatives 2025-04-15 17:40:23: link group lzma updated to point to /usr/bin/xz
update-alternatives 2025-04-15 17:40:28: run with --install /usr/bin/editor editor /bin/nano 40 --slave /usr/share/man/man1/editor.1.gz editor.1.gz /usr/share/man/man1/nano.1.gz
update-alternatives 2025-04-15 17:40:28: link group editor updated to point to /bin/nano
update-alternatives 2025-04-15 17:40:28: run with --install /usr/bin/pico pico /bin/nano 10 --slave /usr/share/man/man1/pico.1.gz pico.1.gz /usr/share/man/man1/nano.1.gz
update-alternatives 2025-04-15 17:40:28: link group pico updated to point to /bin/nano
update-alternatives 2025-04-15 17:40:31: run with --install /usr/bin/ftp ftp /usr/bin/tnftp 120 --slave /usr/share/man/man1/ftp.1.gz ftp.1.gz /usr/share/man/man1/tnftp.1.gz
update-alternatives 2025-04-15 17:40:31: link group ftp updated to point to /usr/bin/tnftp
update-alternatives 2025-04-15 17:40:32: run with --install /usr/bin/sar sar /usr/bin/sar.sysstat 0 --slave /usr/share/man/man1/sar.1.gz sar.1.gz /usr/share/man/man1/sar.sysstat.1.gz
update-alternatives 2025-04-15 17:40:32: link group sar updated to point to /usr/bin/sar.sysstat
update-alternatives 2025-04-15 17:40:33: run with --install /usr/bin/open open /usr/bin/xdg-open 50 --slave /usr/share/man/man1/open.1.gz open.1.gz /usr/share/man/man1/xdg-open.1.gz
update-alternatives 2025-04-15 17:40:33: link group open updated to point to /usr/bin/xdg-open
update-alternatives 2025-04-15 17:40:33: run with --install /usr/bin/infobrowser infobrowser /usr/bin/info 60 --slave /usr/share/man/man1/infobrowser.1.gz infobrowser.1.gz /usr/share/man/man1/info.1.gz
update-alternatives 2025-04-15 17:40:33: link group infobrowser updated to point to /usr/bin/info
update-alternatives 2025-04-15 17:40:34: run with --install /usr/share/icons/default/index.theme x-cursor-theme /etc/X11/cursors/core.theme 30
update-alternatives 2025-04-15 17:40:34: run with --install /usr/share/icons/default/index.theme x-cursor-theme /etc/X11/cursors/redglass.theme 20
update-alternatives 2025-04-15 17:40:34: run with --install /usr/share/icons/default/index.theme x-cursor-theme /etc/X11/cursors/whiteglass.theme 20
update-alternatives 2025-04-15 17:40:34: run with --install /usr/share/icons/default/index.theme x-cursor-theme /etc/X11/cursors/handhelds.theme 20
update-alternatives 2025-04-15 17:40:36: run with --install /usr/bin/pybabel pybabel /usr/bin/pybabel-python3 200
update-alternatives 2025-04-15 17:40:36: link group pybabel updated to point to /usr/bin/pybabel-python3
update-alternatives 2025-04-15 17:40:37: run with --install /usr/bin/jsondiff jsondiff /usr/bin/json-patch-jsondiff 200
update-alternatives 2025-04-15 17:40:37: link group jsondiff updated to point to /usr/bin/json-patch-jsondiff
update-alternatives 2025-04-15 17:40:55: run with --install /usr/sbin/iptables iptables /usr/sbin/iptables-legacy 10 --slave /usr/sbin/iptables-restore iptables-restore /usr/sbin/iptables-legacy-restore --slave /usr/sbin/iptables-save iptables-save /usr/sbin/iptables-legacy-save
update-alternatives 2025-04-15 17:40:55: link group iptables updated to point to /usr/sbin/iptables-legacy
update-alternatives 2025-04-15 17:40:55: run with --install /usr/sbin/ip6tables ip6tables /usr/sbin/ip6tables-legacy 10 --slave /usr/sbin/ip6tables-restore ip6tables-restore /usr/sbin/ip6tables-legacy-restore --slave /usr/sbin/ip6tables-save ip6tables-save /usr/sbin/ip6tables-legacy-save
update-alternatives 2025-04-15 17:40:55: link group ip6tables updated to point to /usr/sbin/ip6tables-legacy
update-alternatives 2025-04-15 17:40:55: run with --install /usr/sbin/iptables iptables /usr/sbin/iptables-nft 20 --slave /usr/sbin/iptables-restore iptables-restore /usr/sbin/iptables-nft-restore --slave /usr/sbin/iptables-save iptables-save /usr/sbin/iptables-nft-save
update-alternatives 2025-04-15 17:40:55: link group iptables updated to point to /usr/sbin/iptables-nft
update-alternatives 2025-04-15 17:40:55: run with --install /usr/sbin/ip6tables ip6tables /usr/sbin/ip6tables-nft 20 --slave /usr/sbin/ip6tables-restore ip6tables-restore /usr/sbin/ip6tables-nft-restore --slave /usr/sbin/ip6tables-save ip6tables-save /usr/sbin/ip6tables-nft-save
update-alternatives 2025-04-15 17:40:55: link group ip6tables updated to point to /usr/sbin/ip6tables-nft
update-alternatives 2025-04-15 17:40:55: run with --install /usr/sbin/arptables arptables /usr/sbin/arptables-nft 20 --slave /usr/sbin/arptables-restore arptables-restore /usr/sbin/arptables-nft-restore --slave /usr/sbin/arptables-save arptables-save /usr/sbin/arptables-nft-save
update-alternatives 2025-04-15 17:40:55: link group arptables updated to point to /usr/sbin/arptables-nft
update-alternatives 2025-04-15 17:40:55: run with --install /usr/sbin/ebtables ebtables /usr/sbin/ebtables-nft 20 --slave /usr/sbin/ebtables-restore ebtables-restore /usr/sbin/ebtables-nft-restore --slave /usr/sbin/ebtables-save ebtables-save /usr/sbin/ebtables-nft-save
update-alternatives 2025-04-15 17:40:55: link group ebtables updated to point to /usr/sbin/ebtables-nft
update-alternatives 2025-04-15 17:40:56: run with --install /usr/share/gnome-shell/gdm-theme.gresource gdm-theme.gresource /usr/share/gnome-shell/gnome-shell-theme.gresource 10
update-alternatives 2025-04-15 17:41:00: run with --install /usr/share/icons/default/index.theme x-cursor-theme /usr/share/icons/Adwaita/cursor.theme 90
update-alternatives 2025-04-15 17:41:00: link group x-cursor-theme updated to point to /usr/share/icons/Adwaita/cursor.theme
update-alternatives 2025-04-15 17:41:02: run with --quiet --install /lib/cpp cpp /usr/bin/cpp 10
update-alternatives 2025-04-15 17:41:02: link group cpp updated to point to /usr/bin/cpp
update-alternatives 2025-04-15 17:43:27: run with --quiet --install /usr/bin/pinentry pinentry /usr/bin/pinentry-gnome3 90 --slave /usr/share/man/man1/pinentry.1.gz pinentry.1.gz /usr/share/man/man1/pinentry-gnome3.1.gz
update-alternatives 2025-04-15 17:43:27: link group pinentry updated to point to /usr/bin/pinentry-gnome3
update-alternatives 2025-04-15 17:43:27: run with --quiet --install /usr/bin/pinentry-x11 pinentry-x11 /usr/bin/pinentry-gnome3 90 --slave /usr/share/man/man1/pinentry-x11.1.gz pinentry-x11.1.gz /usr/share/man/man1/pinentry-gnome3.1.gz
update-alternatives 2025-04-15 17:43:27: link group pinentry-x11 updated to point to /usr/bin/pinentry-gnome3
update-alternatives 2025-04-15 17:43:28: run with --install /usr/bin/x-terminal-emulator x-terminal-emulator /usr/bin/gnome-terminal.wrapper 40 --slave /usr/share/man/man1/x-terminal-emulator.1.gz x-terminal-emulator.1.gz /usr/share/man/man1/gnome-terminal.wrapper.1.gz
update-alternatives 2025-04-15 17:43:28: link group x-terminal-emulator updated to point to /usr/bin/gnome-terminal.wrapper
update-alternatives 2025-04-15 17:43:29: run with --install /usr/bin/x-session-manager x-session-manager /usr/bin/gnome-session 50 --slave /usr/share/man/man1/x-session-manager.1.gz x-session-manager.1.gz /usr/share/man/man1/gnome-session.1.gz
update-alternatives 2025-04-15 17:43:29: link group x-session-manager updated to point to /usr/bin/gnome-session
update-alternatives 2025-04-15 17:43:35: run with --install /usr/share/plymouth/themes/text.plymouth text.plymouth /usr/share/plymouth/themes/ubuntu-text/ubuntu-text.plymouth 50
update-alternatives 2025-04-15 17:43:35: link group text.plymouth updated to point to /usr/share/plymouth/themes/ubuntu-text/ubuntu-text.plymouth
update-alternatives 2025-04-15 17:43:35: run with --install /usr/share/plymouth/themes/default.plymouth default.plymouth /usr/share/plymouth/themes/bgrt/bgrt.plymouth 110
update-alternatives 2025-04-15 17:43:35: link group default.plymouth updated to point to /usr/share/plymouth/themes/bgrt/bgrt.plymouth
update-alternatives 2025-04-15 17:43:39: run with --install /usr/bin/gstreamer-codec-install gstreamer-codec-install /usr/libexec/pk-gstreamer-install 80
update-alternatives 2025-04-15 17:43:39: link group gstreamer-codec-install updated to point to /usr/libexec/pk-gstreamer-install
update-alternatives 2025-04-15 17:43:40: run with --install /etc/pam.d/gdm-smartcard gdm-smartcard /etc/pam.d/gdm-smartcard-sssd-exclusive 50
update-alternatives 2025-04-15 17:43:40: link group gdm-smartcard updated to point to /etc/pam.d/gdm-smartcard-sssd-exclusive
update-alternatives 2025-04-15 17:43:40: run with --install /etc/pam.d/gdm-smartcard gdm-smartcard /etc/pam.d/gdm-smartcard-sssd-or-password 40
update-alternatives 2025-04-15 17:43:40: run with --install /etc/pam.d/gdm-smartcard gdm-smartcard /etc/pam.d/gdm-smartcard-pkcs11-exclusive 30
update-alternatives 2025-06-09 01:20:40: run with --install /usr/lib/shim/shimaa64.efi.signed shimaa64.efi.signed /usr/lib/shim/shimaa64.nx.efi.signed.latest 25
update-alternatives 2025-06-09 01:20:40: link group shimaa64.efi.signed updated to point to /usr/lib/shim/shimaa64.nx.efi.signed.latest
update-alternatives 2025-06-09 01:20:40: run with --install /usr/lib/shim/shimaa64.efi.signed shimaa64.efi.signed /usr/lib/shim/shimaa64.efi.signed.latest 100
update-alternatives 2025-06-09 01:20:40: link group shimaa64.efi.signed updated to point to /usr/lib/shim/shimaa64.efi.signed.latest
update-alternatives 2025-06-09 01:20:40: run with --install /usr/lib/shim/shimaa64.efi.signed shimaa64.efi.signed /usr/lib/shim/shimaa64.efi.signed.previous 50
update-alternatives 2025-06-09 01:21:54: run with --install /usr/lib/aarch64-linux-gnu/libblas.so.3 libblas.so.3-aarch64-linux-gnu /usr/lib/aarch64-linux-gnu/blas/libblas.so.3 10
update-alternatives 2025-06-09 01:21:54: link group libblas.so.3-aarch64-linux-gnu updated to point to /usr/lib/aarch64-linux-gnu/blas/libblas.so.3
update-alternatives 2025-06-09 01:21:54: run with --install /usr/lib/aarch64-linux-gnu/liblapack.so.3 liblapack.so.3-aarch64-linux-gnu /usr/lib/aarch64-linux-gnu/lapack/liblapack.so.3 10
update-alternatives 2025-06-09 01:21:54: link group liblapack.so.3-aarch64-linux-gnu updated to point to /usr/lib/aarch64-linux-gnu/lapack/liblapack.so.3
update-alternatives 2025-06-09 13:15:27: run with --install /usr/bin/figlet figlet /usr/bin/figlet-toilet 20
update-alternatives 2025-06-09 13:15:27: link group figlet updated to point to /usr/bin/figlet-toilet
update-alternatives 2025-06-09 13:15:27: run with --install /usr/bin/neofetch neofetch /usr/lib/neofetch/neofetch 20
update-alternatives 2025-06-09 13:15:27: link group neofetch updated to point to /usr/lib/neofetch/neofetch
update-alternatives 2025-06-09 13:15:27: run with --quiet --install /usr/bin/pager pager /usr/bin/w3m 25 --slave /usr/share/man/man1/pager.1.gz pager.1.gz /usr/share/man/man1/w3m.1.gz
update-alternatives 2025-06-09 13:15:27: run with --quiet --install /usr/bin/www-browser www-browser /usr/bin/w3m 25 --slave /usr/share/man/man1/www-browser.1.gz www-browser.1.gz /usr/share/man/man1/w3m.1.gz
update-alternatives 2025-06-09 13:15:27: link group www-browser updated to point to /usr/bin/w3m
update-alternatives 2025-06-09 13:15:27: run with --install /usr/bin/compare compare /usr/bin/compare-im7.q16 10000 --slave /usr/share/man/man1/compare.1.gz compare.1.gz /usr/share/man/man1/compare-im7.q16.1.gz
update-alternatives 2025-06-09 13:15:27: link group compare updated to point to /usr/bin/compare-im7.q16
update-alternatives 2025-06-09 13:15:27: run with --install /usr/bin/compare-im7 compare-im7 /usr/bin/compare-im7.q16 10000 --slave /usr/share/man/man1/compare-im7.1.gz compare-im7.1.gz /usr/share/man/man1/compare-im7.q16.1.gz
update-alternatives 2025-06-09 13:15:27: link group compare-im7 updated to point to /usr/bin/compare-im7.q16
update-alternatives 2025-06-09 13:15:27: run with --install /usr/bin/animate animate /usr/bin/animate-im7.q16 10000 --slave /usr/share/man/man1/animate.1.gz animate.1.gz /usr/share/man/man1/animate-im7.q16.1.gz
update-alternatives 2025-06-09 13:15:27: link group animate updated to point to /usr/bin/animate-im7.q16
update-alternatives 2025-06-09 13:15:27: run with --install /usr/bin/animate-im7 animate-im7 /usr/bin/animate-im7.q16 10000 --slave /usr/share/man/man1/animate-im7.1.gz animate-im7.1.gz /usr/share/man/man1/animate-im7.q16.1.gz
update-alternatives 2025-06-09 13:15:27: link group animate-im7 updated to point to /usr/bin/animate-im7.q16
update-alternatives 2025-06-09 13:15:27: run with --install /usr/bin/convert convert /usr/bin/convert-im7.q16 10000 --slave /usr/share/man/man1/convert.1.gz convert.1.gz /usr/share/man/man1/convert-im7.q16.1.gz
update-alternatives 2025-06-09 13:15:27: link group convert updated to point to /usr/bin/convert-im7.q16
update-alternatives 2025-06-09 13:15:27: run with --install /usr/bin/convert-im7 convert-im7 /usr/bin/convert-im7.q16 10000 --slave /usr/share/man/man1/convert-im7.1.gz convert-im7.1.gz /usr/share/man/man1/convert-im7.q16.1.gz
update-alternatives 2025-06-09 13:15:27: link group convert-im7 updated to point to /usr/bin/convert-im7.q16
update-alternatives 2025-06-09 13:15:27: run with --install /usr/bin/composite composite /usr/bin/composite-im7.q16 10000 --slave /usr/share/man/man1/composite.1.gz composite.1.gz /usr/share/man/man1/composite-im7.q16.1.gz
update-alternatives 2025-06-09 13:15:27: link group composite updated to point to /usr/bin/composite-im7.q16
update-alternatives 2025-06-09 13:15:27: run with --install /usr/bin/composite-im7 composite-im7 /usr/bin/composite-im7.q16 10000 --slave /usr/share/man/man1/composite-im7.1.gz composite-im7.1.gz /usr/share/man/man1/composite-im7.q16.1.gz
update-alternatives 2025-06-09 13:15:27: link group composite-im7 updated to point to /usr/bin/composite-im7.q16
update-alternatives 2025-06-09 13:15:27: run with --install /usr/bin/conjure conjure /usr/bin/conjure-im7.q16 10000 --slave /usr/share/man/man1/conjure.1.gz conjure.1.gz /usr/share/man/man1/conjure-im7.q16.1.gz
update-alternatives 2025-06-09 13:15:27: link group conjure updated to point to /usr/bin/conjure-im7.q16
update-alternatives 2025-06-09 13:15:27: run with --install /usr/bin/conjure-im7 conjure-im7 /usr/bin/conjure-im7.q16 10000 --slave /usr/share/man/man1/conjure-im7.1.gz conjure-im7.1.gz /usr/share/man/man1/conjure-im7.q16.1.gz
update-alternatives 2025-06-09 13:15:27: link group conjure-im7 updated to point to /usr/bin/conjure-im7.q16
update-alternatives 2025-06-09 13:15:27: run with --install /usr/bin/import import /usr/bin/import-im7.q16 10000 --slave /usr/share/man/man1/import.1.gz import.1.gz /usr/share/man/man1/import-im7.q16.1.gz
update-alternatives 2025-06-09 13:15:27: link group import updated to point to /usr/bin/import-im7.q16
update-alternatives 2025-06-09 13:15:27: run with --install /usr/bin/import-im7 import-im7 /usr/bin/import-im7.q16 10000 --slave /usr/share/man/man1/import-im7.1.gz import-im7.1.gz /usr/share/man/man1/import-im7.q16.1.gz
update-alternatives 2025-06-09 13:15:27: link group import-im7 updated to point to /usr/bin/import-im7.q16
update-alternatives 2025-06-09 13:15:27: run with --install /usr/bin/identify identify /usr/bin/identify-im7.q16 10000 --slave /usr/share/man/man1/identify.1.gz identify.1.gz /usr/share/man/man1/identify-im7.q16.1.gz
update-alternatives 2025-06-09 13:15:27: link group identify updated to point to /usr/bin/identify-im7.q16
update-alternatives 2025-06-09 13:15:27: run with --install /usr/bin/identify-im7 identify-im7 /usr/bin/identify-im7.q16 10000 --slave /usr/share/man/man1/identify-im7.1.gz identify-im7.1.gz /usr/share/man/man1/identify-im7.q16.1.gz
update-alternatives 2025-06-09 13:15:27: link group identify-im7 updated to point to /usr/bin/identify-im7.q16
update-alternatives 2025-06-09 13:15:27: run with --install /usr/bin/stream stream /usr/bin/stream-im7.q16 10000 --slave /usr/share/man/man1/stream.1.gz stream.1.gz /usr/share/man/man1/stream-im7.q16.1.gz
update-alternatives 2025-06-09 13:15:27: link group stream updated to point to /usr/bin/stream-im7.q16
update-alternatives 2025-06-09 13:15:27: run with --install /usr/bin/stream-im7 stream-im7 /usr/bin/stream-im7.q16 10000 --slave /usr/share/man/man1/stream-im7.1.gz stream-im7.1.gz /usr/share/man/man1/stream-im7.q16.1.gz
update-alternatives 2025-06-09 13:15:27: link group stream-im7 updated to point to /usr/bin/stream-im7.q16
update-alternatives 2025-06-09 13:15:27: run with --install /usr/bin/display display /usr/bin/display-im7.q16 10000 --slave /usr/share/man/man1/display.1.gz display.1.gz /usr/share/man/man1/display-im7.q16.1.gz
update-alternatives 2025-06-09 13:15:27: link group display updated to point to /usr/bin/display-im7.q16
update-alternatives 2025-06-09 13:15:27: run with --install /usr/bin/display-im7 display-im7 /usr/bin/display-im7.q16 10000 --slave /usr/share/man/man1/display-im7.1.gz display-im7.1.gz /usr/share/man/man1/display-im7.q16.1.gz
update-alternatives 2025-06-09 13:15:27: link group display-im7 updated to point to /usr/bin/display-im7.q16
update-alternatives 2025-06-09 13:15:27: run with --install /usr/bin/montage montage /usr/bin/montage-im7.q16 10000 --slave /usr/share/man/man1/montage.1.gz montage.1.gz /usr/share/man/man1/montage-im7.q16.1.gz
update-alternatives 2025-06-09 13:15:27: link group montage updated to point to /usr/bin/montage-im7.q16
update-alternatives 2025-06-09 13:15:27: run with --install /usr/bin/montage-im7 montage-im7 /usr/bin/montage-im7.q16 10000 --slave /usr/share/man/man1/montage-im7.1.gz montage-im7.1.gz /usr/share/man/man1/montage-im7.q16.1.gz
update-alternatives 2025-06-09 13:15:27: link group montage-im7 updated to point to /usr/bin/montage-im7.q16
update-alternatives 2025-06-09 13:15:27: run with --install /usr/bin/mogrify mogrify /usr/bin/mogrify-im7.q16 10000 --slave /usr/share/man/man1/mogrify.1.gz mogrify.1.gz /usr/share/man/man1/mogrify-im7.q16.1.gz
update-alternatives 2025-06-09 13:15:27: link group mogrify updated to point to /usr/bin/mogrify-im7.q16
update-alternatives 2025-06-09 13:15:27: run with --install /usr/bin/mogrify-im7 mogrify-im7 /usr/bin/mogrify-im7.q16 10000 --slave /usr/share/man/man1/mogrify-im7.1.gz mogrify-im7.1.gz /usr/share/man/man1/mogrify-im7.q16.1.gz
update-alternatives 2025-06-09 13:15:27: link group mogrify-im7 updated to point to /usr/bin/mogrify-im7.q16
update-alternatives 2025-06-09 13:15:27: run with --install /usr/bin/magick magick /usr/bin/magick-im7.q16 10000 --slave /usr/share/man/man1/magick.1.gz magick.1.gz /usr/share/man/man1/magick-im7.q16.1.gz
update-alternatives 2025-06-09 13:15:27: link group magick updated to point to /usr/bin/magick-im7.q16
update-alternatives 2025-06-09 13:15:27: run with --install /usr/bin/magick-im7 magick-im7 /usr/bin/magick-im7.q16 10000 --slave /usr/share/man/man1/magick-im7.1.gz magick-im7.1.gz /usr/share/man/man1/magick-im7.q16.1.gz
update-alternatives 2025-06-09 13:15:27: link group magick-im7 updated to point to /usr/bin/magick-im7.q16
update-alternatives 2025-06-09 13:15:27: run with --install /usr/bin/magick-script magick-script /usr/bin/magick-script-im7.q16 10000 --slave /usr/share/man/man1/magick-script.1.gz magick-script.1.gz /usr/share/man/man1/magick-script-im7.q16.1.gz
update-alternatives 2025-06-09 13:15:27: link group magick-script updated to point to /usr/bin/magick-script-im7.q16
update-alternatives 2025-06-09 13:15:27: run with --install /usr/bin/magick-script-im7 magick-script-im7 /usr/bin/magick-script-im7.q16 10000 --slave /usr/share/man/man1/magick-script-im7.1.gz magick-script-im7.1.gz /usr/share/man/man1/magick-script-im7.q16.1.gz
update-alternatives 2025-06-09 13:15:27: link group magick-script-im7 updated to point to /usr/bin/magick-script-im7.q16
update-alternatives 2025-06-09 15:19:53: run with --install /usr/bin/editor editor /usr/bin/code 0
update-alternatives 2025-06-09 15:19:55: run with --install /usr/bin/editor editor /usr/bin/code 0
update-alternatives 2025-06-09 15:20:35: run with --remove editor /usr/bin/code
update-alternatives 2025-06-09 15:20:41: run with --install /usr/bin/editor editor /usr/bin/code 0
update-alternatives 2025-06-09 15:20:43: run with --install /usr/bin/editor editor /usr/bin/code 0
update-alternatives 2025-06-11 12:47:55: run with --install /usr/bin/fakeroot fakeroot /usr/bin/fakeroot-sysv 50 --slave /usr/share/man/man1/fakeroot.1.gz fakeroot.1.gz /usr/share/man/man1/fakeroot-sysv.1.gz --slave /usr/share/man/man1/faked.1.gz faked.1.gz /usr/share/man/man1/faked-sysv.1.gz --slave /usr/share/man/es/man1/fakeroot.1.gz fakeroot.es.1.gz /usr/share/man/es/man1/fakeroot-sysv.1.gz --slave /usr/share/man/es/man1/faked.1.gz faked.es.1.gz /usr/share/man/es/man1/faked-sysv.1.gz --slave /usr/share/man/fr/man1/fakeroot.1.gz fakeroot.fr.1.gz /usr/share/man/fr/man1/fakeroot-sysv.1.gz --slave /usr/share/man/fr/man1/faked.1.gz faked.fr.1.gz /usr/share/man/fr/man1/faked-sysv.1.gz --slave /usr/share/man/sv/man1/fakeroot.1.gz fakeroot.sv.1.gz /usr/share/man/sv/man1/fakeroot-sysv.1.gz --slave /usr/share/man/sv/man1/faked.1.gz faked.sv.1.gz /usr/share/man/sv/man1/faked-sysv.1.gz
update-alternatives 2025-06-11 12:47:55: link group fakeroot updated to point to /usr/bin/fakeroot-sysv
update-alternatives 2025-06-11 12:47:55: run with --install /usr/bin/fakeroot fakeroot /usr/bin/fakeroot-tcp 30 --slave /usr/share/man/man1/fakeroot.1.gz fakeroot.1.gz /usr/share/man/man1/fakeroot-tcp.1.gz --slave /usr/share/man/man1/faked.1.gz faked.1.gz /usr/share/man/man1/faked-tcp.1.gz --slave /usr/share/man/es/man1/fakeroot.1.gz fakeroot.es.1.gz /usr/share/man/es/man1/fakeroot-tcp.1.gz --slave /usr/share/man/es/man1/faked.1.gz faked.es.1.gz /usr/share/man/es/man1/faked-tcp.1.gz --slave /usr/share/man/fr/man1/fakeroot.1.gz fakeroot.fr.1.gz /usr/share/man/fr/man1/fakeroot-tcp.1.gz --slave /usr/share/man/fr/man1/faked.1.gz faked.fr.1.gz /usr/share/man/fr/man1/faked-tcp.1.gz --slave /usr/share/man/sv/man1/fakeroot.1.gz fakeroot.sv.1.gz /usr/share/man/sv/man1/fakeroot-tcp.1.gz --slave /usr/share/man/sv/man1/faked.1.gz faked.sv.1.gz /usr/share/man/sv/man1/faked-tcp.1.gz
update-alternatives 2025-06-11 12:47:55: run with --quiet --install /usr/bin/cc cc /usr/bin/gcc 20 --slave /usr/share/man/man1/cc.1.gz cc.1.gz /usr/share/man/man1/gcc.1.gz
update-alternatives 2025-06-11 12:47:55: link group cc updated to point to /usr/bin/gcc
update-alternatives 2025-06-11 12:47:55: run with --quiet --install /usr/bin/c89 c89 /usr/bin/c89-gcc 20 --slave /usr/share/man/man1/c89.1.gz c89.1.gz /usr/share/man/man1/c89-gcc.1.gz
update-alternatives 2025-06-11 12:47:55: link group c89 updated to point to /usr/bin/c89-gcc
update-alternatives 2025-06-11 12:47:56: run with --quiet --install /usr/bin/c99 c99 /usr/bin/c99-gcc 20 --slave /usr/share/man/man1/c99.1.gz c99.1.gz /usr/share/man/man1/c99-gcc.1.gz
update-alternatives 2025-06-11 12:47:56: link group c99 updated to point to /usr/bin/c99-gcc
update-alternatives 2025-06-11 12:47:56: run with --install /usr/bin/c++ c++ /usr/bin/g++ 20 --slave /usr/share/man/man1/c++.1.gz c++.1.gz /usr/share/man/man1/g++.1.gz
update-alternatives 2025-06-11 12:47:56: link group c++ updated to point to /usr/bin/g++
