Cloud-init v. 25.1.1-0ubuntu2 running 'init-local' at Mon, 09 Jun 2025 01:12:16 +0000. Up 12.80 seconds.
Cloud-init v. 25.1.1-0ubuntu2 running 'init' at Mon, 09 Jun 2025 01:12:23 +0000. Up 20.45 seconds.
ci-info: ++++++++++++++++++++++++++++++++++++++Net device info+++++++++++++++++++++++++++++++++++++++
ci-info: +--------+------+-----------------------------+---------------+--------+-------------------+
ci-info: | Device |  Up  |           Address           |      Mask     | Scope  |     Hw-Address    |
ci-info: +--------+------+-----------------------------+---------------+--------+-------------------+
ci-info: | enp0s8 | True |          10.0.2.15          | 255.255.255.0 | global | 08:00:27:0f:f5:81 |
ci-info: | enp0s8 | True | fe80::a00:27ff:fe0f:f581/64 |       .       |  link  | 08:00:27:0f:f5:81 |
ci-info: |   lo   | True |          127.0.0.1          |   255.0.0.0   |  host  |         .         |
ci-info: |   lo   | True |           ::1/128           |       .       |  host  |         .         |
ci-info: +--------+------+-----------------------------+---------------+--------+-------------------+
ci-info: +++++++++++++++++++++++++++Route IPv4 info++++++++++++++++++++++++++++
ci-info: +-------+-------------+----------+---------------+-----------+-------+
ci-info: | Route | Destination | Gateway  |    Genmask    | Interface | Flags |
ci-info: +-------+-------------+----------+---------------+-----------+-------+
ci-info: |   0   |   0.0.0.0   | 10.0.2.2 |    0.0.0.0    |   enp0s8  |   UG  |
ci-info: |   1   |   10.0.2.0  | 0.0.0.0  | 255.255.255.0 |   enp0s8  |   U   |
ci-info: +-------+-------------+----------+---------------+-----------+-------+
ci-info: +++++++++++++++++++Route IPv6 info+++++++++++++++++++
ci-info: +-------+-------------+---------+-----------+-------+
ci-info: | Route | Destination | Gateway | Interface | Flags |
ci-info: +-------+-------------+---------+-----------+-------+
ci-info: |   0   |  fe80::/64  |    ::   |   enp0s8  |   U   |
ci-info: |   2   |  multicast  |    ::   |   enp0s8  |   U   |
ci-info: +-------+-------------+---------+-----------+-------+
2025-06-09 01:12:23,937 - lifecycle.py[WARNING]: Not unlocking password for user installer. 'lock_passwd: false' present in user-data but no 'passwd'/'plain_text_passwd'/'hashed_passwd' provided in user-data
Cloud-init v. 25.1.1-0ubuntu2 running 'modules:config' at Mon, 09 Jun 2025 01:12:24 +0000. Up 20.99 seconds.
Cloud-init v. 25.1.1-0ubuntu2 running 'modules:final' at Mon, 09 Jun 2025 01:13:05 +0000. Up 50.67 seconds.
Cloud-init v. 25.1.1-0ubuntu2 finished at Mon, 09 Jun 2025 01:13:05 +0000. Datasource DataSourceNoCloud [seed=/var/lib/cloud/seed/nocloud].  Up 50.73 seconds
Generating public/private rsa key pair.
Your identification has been saved in /etc/ssh/ssh_host_rsa_key
Your public key has been saved in /etc/ssh/ssh_host_rsa_key.pub
The key fingerprint is:
SHA256:I/LL+xrToGMNStiB7A62Tk3FyGIEv87lmK0/UZh7sF0 root@ubuntu
The key's randomart image is:
+---[RSA 3072]----+
|o.               |
|oo. o            |
|.+oo =           |
|oo.o= . E        |
|oo+.+*o.S        |
|+++B+*o+ .       |
| +*.*o= .        |
|o  o.o +         |
| .....=+.        |
+----[SHA256]-----+
Generating public/private ecdsa key pair.
Your identification has been saved in /etc/ssh/ssh_host_ecdsa_key
Your public key has been saved in /etc/ssh/ssh_host_ecdsa_key.pub
The key fingerprint is:
SHA256:Qk8UmNxIEa5pXND2Au3+fsQEa9XI51NzNMr1pNtPKjY root@ubuntu
The key's randomart image is:
+---[ECDSA 256]---+
|    .=+Boo o   +o|
|    .oO.o + + =o+|
|     ++..+ o +.o.|
|   . =oo+ . o  o |
|    =..oSo   .. o|
|   .  ..  o    o.|
|       . .  E . .|
|        . .. o   |
|       ...       |
+----[SHA256]-----+
Generating public/private ed25519 key pair.
Your identification has been saved in /etc/ssh/ssh_host_ed25519_key
Your public key has been saved in /etc/ssh/ssh_host_ed25519_key.pub
The key fingerprint is:
SHA256:9NR4Y7ysvwfhVUJE/WN5ZeQZ7j8u3vOjDcfNYVSEtNY root@ubuntu
The key's randomart image is:
+--[ED25519 256]--+
|             ==*+|
|           +  ++O|
|        . o * oBE|
|       . o +.+++o|
|        S ..oo.+o|
|           .o o.+|
|          .  o ++|
|           . .Bo.|
|            +=o+=|
+----[SHA256]-----+
