2025-06-09 01:21:58,840 WARNING Could not figure out development release: Distribution data outdated. Please check for an update for distro-info-data. See /usr/share/doc/distro-info-data/README.Debian for details.
2025-06-09 01:21:58,840 INFO Starting unattended upgrades script
2025-06-09 01:21:58,840 INFO Allowed origins are: o=Ubuntu,a=plucky, o=Ubuntu,a=plucky-security, o=UbuntuESMApps,a=plucky-apps-security, o=UbuntuESM,a=plucky-infra-security, o=Ubuntu,a=plucky, o=Ubuntu,a=plucky-security, o=UbuntuESMApps,a=plucky-apps-security, o=UbuntuESM,a=plucky-infra-security
2025-06-09 01:21:58,840 INFO Initial blacklist: 
2025-06-09 01:21:58,840 INFO Initial whitelist (not strict): 
2025-06-09 01:23:08,415 INFO Packages that will be upgraded: apport apport-core-dump-handler apport-gtk bind9-dnsutils bind9-host bind9-libs gir1.2-glib-2.0 gir1.2-soup-3.0 libabsl20230802 libarchive13t64 libcares2 libglib2.0-0t64 libglib2.0-bin libglib2.0-data libperl5.40 libpoppler-cpp2 libpoppler-glib8t64 libpoppler147 libsoup-2.4-1 libsoup-3.0-0 libsoup-3.0-common libsoup2.4-common libsqlite3-0 libvpx9 libxml2 libyelp0 linux-firmware openssh-client perl perl-base perl-modules-5.40 poppler-utils python3-apport python3-pkg-resources python3-problem-report tzdata yelp yelp-xsl
2025-06-09 01:23:08,426 INFO Writing dpkg log to /var/log/unattended-upgrades/unattended-upgrades-dpkg.log
2025-06-09 01:23:43,106 INFO All upgrades installed
2025-06-10 08:45:20,436 INFO Starting unattended upgrades script
2025-06-10 08:45:20,436 INFO Allowed origins are: o=Ubuntu,a=plucky, o=Ubuntu,a=plucky-security, o=UbuntuESMApps,a=plucky-apps-security, o=UbuntuESM,a=plucky-infra-security
2025-06-10 08:45:20,436 INFO Initial blacklist: 
2025-06-10 08:45:20,436 INFO Initial whitelist (not strict): 
2025-06-10 08:45:26,692 INFO Starting unattended upgrades script
2025-06-10 08:45:26,693 INFO Allowed origins are: o=Ubuntu,a=plucky, o=Ubuntu,a=plucky-security, o=UbuntuESMApps,a=plucky-apps-security, o=UbuntuESM,a=plucky-infra-security
2025-06-10 08:45:26,693 INFO Initial blacklist: 
2025-06-10 08:45:26,693 INFO Initial whitelist (not strict): 
2025-06-10 08:45:29,702 INFO Packages that will be upgraded: apport apport-core-dump-handler apport-gtk libnss-systemd libpam-systemd libsystemd-shared libsystemd0 libudev1 python3-apport python3-problem-report systemd systemd-cryptsetup systemd-oomd systemd-resolved systemd-sysv systemd-timesyncd udev
2025-06-10 08:45:29,709 INFO Writing dpkg log to /var/log/unattended-upgrades/unattended-upgrades-dpkg.log
2025-06-10 08:45:59,293 INFO All upgrades installed
2025-06-11 12:42:46,636 INFO Starting unattended upgrades script
2025-06-11 12:42:46,637 INFO Allowed origins are: o=Ubuntu,a=plucky, o=Ubuntu,a=plucky-security, o=UbuntuESMApps,a=plucky-apps-security, o=UbuntuESM,a=plucky-infra-security
2025-06-11 12:42:46,637 INFO Initial blacklist: 
2025-06-11 12:42:46,638 INFO Initial whitelist (not strict): 
2025-06-11 12:42:46,999 INFO No packages found that can be upgraded unattended and no pending auto-removals
2025-06-13 09:56:38,833 INFO Starting unattended upgrades script
2025-06-13 09:56:38,834 INFO Allowed origins are: o=Ubuntu,a=plucky, o=Ubuntu,a=plucky-security, o=UbuntuESMApps,a=plucky-apps-security, o=UbuntuESM,a=plucky-infra-security
2025-06-13 09:56:38,835 INFO Initial blacklist: 
2025-06-13 09:56:38,835 INFO Initial whitelist (not strict): 
2025-06-13 09:56:44,679 INFO Packages that will be upgraded: libldb2 libsmbclient0 libtalloc2 libtdb1 libtevent0t64 libwbclient0 samba-libs
2025-06-13 09:56:44,686 INFO Writing dpkg log to /var/log/unattended-upgrades/unattended-upgrades-dpkg.log
2025-06-13 09:56:48,434 INFO All upgrades installed
2025-06-13 15:57:29,059 INFO Starting unattended upgrades script
2025-06-13 15:57:29,059 INFO Allowed origins are: o=Ubuntu,a=plucky, o=Ubuntu,a=plucky-security, o=UbuntuESMApps,a=plucky-apps-security, o=UbuntuESM,a=plucky-infra-security
2025-06-13 15:57:29,060 INFO Initial blacklist: 
2025-06-13 15:57:29,060 INFO Initial whitelist (not strict): 
